**** BEGIN LOGGING AT Fri May 22 11:20:45 2013
May 22 11:20:45 *	Now talking on #PRISM
May 22 11:20:45 *	Topic for #PRISM is: PRISM: http://goo.gl/j6NK3i
May 22 11:20:45 *	Topic for #PRISM set by ap0linand0r at Wed Aug 15 01:38:52 2012
May 22 11:21:47 <ap0linand0r>	*great
May 22 11:21:48 *	chikasudo (chika@unknown) has joined #PRISM
May 22 11:21:53 *	TalGi (TalGi@unknown) has joined #PRISM
May 22 11:22:19 <ap0linand0r>	hey ho
May 22 11:22:24 <Paul_Axe>	hi
May 22 11:22:47 <ap0linand0r>	tomorroy is the day
May 22 11:23:05 <ap0linand0r>	*w
May 22 11:23:16 <Paul_Axe>	seems like everything is ready
May 22 11:23:22 <ap0linand0r>	so I want to wish you all a good luck!
May 22 11:23:31 <Paul_Axe>	we are all set
May 22 11:23:49 <chikasudo>	hope it will be ok
May 22 11:24:31 <Paul_Axe>	Good luck guys
May 22 11:25:51 <ap0linand0r>	When all the CTF players are under our control it's just a matter of time to take down the infrastructures of infosec corporations....
May 22 11:26:12 <TalGi>	yeah, good luck
May 22 11:26:32 <TalGi>	bb
May 22 11:26:34 <ap0linand0r>	bb
May 22 11:26:37 *	ap0linand0r (ap0linand0@unknown) has left #PRISM (Leaving)
May 22 11:26:38 *	TalGi (TalGi@unknown) has left #PRISM (Leaving)
May 22 11:29:34 *	chikasudo has quit (Quit: Leaving)
May 22 11:29:28 *	baatyr has quit (Quit: Leaving)
May 22 11:30:26 *	Disconnected (Connection reset by peer).
**** ENDING LOGGING AT Fri May 22 11:29:28 2013
