**** BEGIN LOGGING AT Tue Mar 13 06:48:06 2012

Mar 13 06:48:45 <Paul_Axe>	hi
Mar 13 06:51:00 <Paul_Axe>	i think we should talk money
Mar 13 06:51:10 <ap0linand0r>	hi
Mar 13 06:51:28 <ap0linand0r>	думаю можно перейти на родной язык?)
Mar 13 06:51:40 <Paul_Axe>	ок
Mar 13 06:55:46 <Paul_Axe>	насколько я понимаю, я буду заниматься управлением проектом D'Errorim и интеграция с PRISM?
Mar 13 06:55:58 <Paul_Axe>	не более
Mar 13 06:56:11 <ap0linand0r>	да, ты будешь участвовать в этих двух проектах
Mar 13 06:56:23 <ap0linand0r>	полная поддержка первого + помощь в интеграции со вторым
Mar 13 06:56:42 <ap0linand0r>	ты будешь взаимодействовать с обоими командами
Mar 13 06:57:02 <Paul_Axe>	это связано с большими рисками
Mar 13 06:57:19 <Paul_Axe>	что вы готовы предложить мне за это?
Mar 13 06:57:39 <ap0linand0r>	да, ты прав
Mar 13 06:57:44 <Paul_Axe>	и я бы не хотел идти на такое без веских оснований
Mar 13 06:58:13 <ap0linand0r>	200 000$ должно быть достаточно
Mar 13 06:58:41 <Paul_Axe>	это смешно
Mar 13 06:58:56 <Paul_Axe>	я зарабатываю больше на Bug Bounty
Mar 13 06:59:23 <ap0linand0r>	я смотрю, ты парень не промах)
Mar 13 07:00:16 <ap0linand0r>	сколько бы ты хотел за работу такого рода?
Mar 13 07:01:11 <Paul_Axe>	если я возьмусь за это, то не меньше чем за миллион триста тридцать семь тысяч триста сорок долларов
Mar 13 07:01:53 <ap0linand0r>	мне кажется, что ты наглеешь
Mar 13 07:02:22 <ap0linand0r>	мне надо обговорить этот вопрос с руководством
Mar 13 07:02:27 <ap0linand0r>	напишу позже
Mar 13 07:02:40 <Paul_Axe>	вы ведь выбрали меня не просто так
Mar 13 07:03:16 <Paul_Axe>	я лучше, чем кто-либо, смогу помочь вам в вашем деле
Mar 13 07:03:35 <Paul_Axe>	вы прекрасно это понимаете
Mar 13 07:03:51 <Paul_Axe>	и вы также должны понимать, что за хорошую работу нужно платить
Mar 13 07:04:08 <ap0linand0r>	да, твое резюме впечатляет, но незаменимых людей нет
Mar 13 07:05:24 <Paul_Axe>	вы не сможете заменить меня
Mar 13 07:07:03 <ap0linand0r>	я обговорил это с руководством. мы готовы  заплатить тебе сумму, которую ты просишь, но при одном условии
Mar 13 07:07:59 <Paul_Axe>	какое еще условие?
Mar 13 07:09:51 <Paul_Axe>	надеюсь, это не связано с ламами
Mar 13 07:10:09 <ap0linand0r>	нам нужна подробная информация о подготовке соревнования PHDays CTF III, проводимого компанией в которой ты работаешь, а также помощь в интеграции наших проектов с игровым процессом CTF
Mar 13 07:11:52 <Paul_Axe>	вы хотите, чтобы я стал предателем?
Mar 13 07:12:27 <ap0linand0r>	наоборот, мы хотим, чтобы ты стал незаменимым сотрудником)
Mar 13 07:13:06 <Paul_Axe>	я не стану этого делать
Mar 13 07:13:52 <ap0linand0r>	ты же понимаешь, что ты уже на данный момент знаешь слишком много информации о наших проектах?
Mar 13 07:15:28 <ap0linand0r>	дороги назад нет... либо ты соглашаешься на наши щедрые условия, либо в один прекрасный солнечный день ты просто исчезаешь
Mar 13 07:16:55 <Paul_Axe>	но если я стану инсайдером, это коснется не только меня, но и других людей
Mar 13 07:18:39 <ap0linand0r>	как ни крутись, это коснется очень многих
Mar 13 07:18:45 <ap0linand0r>	в этом вся суть
Mar 13 07:19:15 <ap0linand0r>	если не ты, значит кто-то другой это сделает за тебя
Mar 13 07:19:27 <ap0linand0r>	в качестве дополнительной мотивации, мы можем предложить тебе мировую известность как человека, нашедшего 0-day уязвимости в самых популярных веб-сервисах...
Mar 13 07:20:00 <ap0linand0r>	например, facebook
Mar 13 07:20:43 <Paul_Axe>	у меня есть выбор?
Mar 13 07:20:53 <ap0linand0r>	конечно!
Mar 13 07:21:02 <ap0linand0r>	принять условия или исчезнуть =)
Mar 13 07:21:13 <ap0linand0r>	чем тебе не выбор?
Mar 13 07:21:44 <ap0linand0r>	*принять очень выгодные условия
Mar 13 07:22:28 <Paul_Axe>	я в деле
Mar 13 07:22:36 <ap0linand0r>	отлично
Mar 13 07:22:54 <ap0linand0r>	не сомневался в твоей благоразумности
Mar 13 07:23:44 <ap0linand0r>	сразу хочу предупредить, что ни одна душа не должна знать ни о проектах, ни о твоем сотрудничестве с нами
Mar 13 07:24:36 <ap0linand0r>	если что-то пойдет не по плану, последствия будут очень серьезными
Mar 13 07:24:40 <Paul_Axe>	я понял. не держите меня за идиота
Mar 13 07:25:44 <ap0linand0r>	половину наличности ты получишь в течение первого месяца, все остальное после завершения работы
Mar 13 07:26:43 <ap0linand0r>	на данном сервере есть канал #PRISM.
Mar 13 07:27:22 <ap0linand0r>	добро пожаловать!
